<?xml version="1.0" encoding="UTF-8"?>
<!-- Generated by org.testng.reporters.JUnitReportReporter -->
<testsuite skipped="0" hostname="PBLAP802" name="core.AckoAutomation3" tests="1" failures="0" timestamp="27 Dec 2018 12:24:49 GMT" time="445.757" errors="0">
  <testcase name="getDiesel" time="445.757" classname="core.AckoAutomation3"/>
</testsuite> <!-- core.AckoAutomation3 -->
