<?xml version="1.0" encoding="UTF-8"?>
<!-- Generated by org.testng.reporters.JUnitReportReporter -->
<testsuite skipped="0" hostname="PBLAP802" name="core.AckoAutomation2" tests="1" failures="0" timestamp="17 Dec 2018 11:28:57 GMT" time="7.859" errors="0">
  <testcase name="getDiesel" time="7.859" classname="core.AckoAutomation2"/>
</testsuite> <!-- core.AckoAutomation2 -->
