<?xml version="1.0" encoding="UTF-8"?>
<!-- Generated by org.testng.reporters.JUnitReportReporter -->
<testsuite skipped="0" hostname="PBLAP802" name="core.Ackodata" tests="2" failures="0" timestamp="14 Sep 2018 09:29:03 GMT" time="1.195" errors="0">
  <testcase name="getPetrol" time="1.188" classname="core.Ackodata"/>
  <testcase name="getDiesel" time="0.007" classname="core.Ackodata"/>
</testsuite> <!-- core.Ackodata -->
