<?xml version="1.0" encoding="UTF-8"?>
<!-- Generated by org.testng.reporters.JUnitReportReporter -->
<testsuite skipped="0" hostname="PBLAP802" name="core.AckodataPbCompare" tests="1" failures="0" timestamp="28 Sep 2018 11:09:32 GMT" time="141.328" errors="0">
  <testcase name="getPetrol" time="141.328" classname="core.AckodataPbCompare"/>
</testsuite> <!-- core.AckodataPbCompare -->
