<?xml version="1.0" encoding="UTF-8"?>
<!-- Generated by org.testng.reporters.JUnitReportReporter -->
<testsuite skipped="0" hostname="PBLAP802" name="core.Ackodata2" tests="2" failures="0" timestamp="03 Aug 2018 12:53:50 GMT" time="109.684" errors="0">
  <testcase name="getPetrol" time="53.326" classname="core.Ackodata2"/>
  <testcase name="getDiesel" time="56.358" classname="core.Ackodata2"/>
</testsuite> <!-- core.Ackodata2 -->
